[0813/111748:ERROR:ipc_channel_win.cc(217)] pipe error: 109
[0813/111748:WARNING:raw_channel_win.cc(532)] WriteFile: 管道正在被关闭。 (0xE8)
[0813/111748:WARNING:channel.cc(359)] RawChannel write error
[0813/111749:ERROR:ipc_channel_win.cc(217)] pipe error: 109
[0813/111749:WARNING:raw_channel_win.cc(532)] WriteFile: 管道正在被关闭。 (0xE8)
[0813/111749:WARNING:channel.cc(359)] RawChannel write error
[0813/112045:ERROR:ipc_channel_win.cc(217)] pipe error: 109
[0813/112045:WARNING:raw_channel_win.cc(532)] WriteFile: 管道正在被关闭。 (0xE8)
[0813/112045:WARNING:channel.cc(359)] RawChannel write error
[0813/112156:WARNING:raw_channel_win.cc(532)] WriteFile: 管道正在被关闭。 (0xE8)
[0813/112156:WARNING:channel.cc(359)] RawChannel write error
[0813/112156:ERROR:ipc_channel_win.cc(217)] pipe error: 109
[0813/112618:WARNING:raw_channel_win.cc(532)] WriteFile: 管道正在被关闭。 (0xE8)
[0813/112618:WARNING:channel.cc(359)] RawChannel write error
[0813/112631:INFO:CONSOLE(1)] "Uncaught SyntaxError: Unexpected token <", source: http://www.wiz.cn/?wordfence_logHuman=1&hid=693AC1AB63FBB3AA85D1A718D8140EDE&r=0.06725738072667231 (1)
[0813/112631:INFO:CONSOLE(1)] "Uncaught ReferenceError: parallax_speed is not defined", source: http://cdn.wiz.cn/wp-content/themes/satellite/js/default.min.js?ver=ba47ee4fb2e4f8f29defd2cc9b517307 (1)
[0813/112633:INFO:CONSOLE(1)] "Uncaught ReferenceError: header_height is not defined", source: http://cdn.wiz.cn/wp-content/themes/satellite/js/default.min.js?ver=ba47ee4fb2e4f8f29defd2cc9b517307 (1)
[0813/112633:INFO:CONSOLE(1)] "Uncaught ReferenceError: header_height is not defined", source: http://cdn.wiz.cn/wp-content/themes/satellite/js/default.min.js?ver=ba47ee4fb2e4f8f29defd2cc9b517307 (1)
[0813/112633:INFO:CONSOLE(1)] "Uncaught ReferenceError: header_height is not defined", source: http://cdn.wiz.cn/wp-content/themes/satellite/js/default.min.js?ver=ba47ee4fb2e4f8f29defd2cc9b517307 (1)
[0813/112633:INFO:CONSOLE(1)] "Uncaught ReferenceError: header_height is not defined", source: http://cdn.wiz.cn/wp-content/themes/satellite/js/default.min.js?ver=ba47ee4fb2e4f8f29defd2cc9b517307 (1)
[0813/112633:INFO:CONSOLE(1)] "Uncaught ReferenceError: header_height is not defined", source: http://cdn.wiz.cn/wp-content/themes/satellite/js/default.min.js?ver=ba47ee4fb2e4f8f29defd2cc9b517307 (1)
[0813/112633:INFO:CONSOLE(1)] "Uncaught ReferenceError: header_height is not defined", source: http://cdn.wiz.cn/wp-content/themes/satellite/js/default.min.js?ver=ba47ee4fb2e4f8f29defd2cc9b517307 (1)
[0813/112633:INFO:CONSOLE(1)] "Uncaught ReferenceError: header_height is not defined", source: http://cdn.wiz.cn/wp-content/themes/satellite/js/default.min.js?ver=ba47ee4fb2e4f8f29defd2cc9b517307 (1)
[0813/112633:INFO:CONSOLE(1)] "Uncaught ReferenceError: header_height is not defined", source: http://cdn.wiz.cn/wp-content/themes/satellite/js/default.min.js?ver=ba47ee4fb2e4f8f29defd2cc9b517307 (1)
[0813/112633:INFO:CONSOLE(1)] "Uncaught ReferenceError: header_height is not defined", source: http://cdn.wiz.cn/wp-content/themes/satellite/js/default.min.js?ver=ba47ee4fb2e4f8f29defd2cc9b517307 (1)
[0813/112633:INFO:CONSOLE(1)] "Uncaught ReferenceError: header_height is not defined", source: http://cdn.wiz.cn/wp-content/themes/satellite/js/default.min.js?ver=ba47ee4fb2e4f8f29defd2cc9b517307 (1)
[0813/112633:INFO:CONSOLE(1)] "Uncaught ReferenceError: header_height is not defined", source: http://cdn.wiz.cn/wp-content/themes/satellite/js/default.min.js?ver=ba47ee4fb2e4f8f29defd2cc9b517307 (1)
[0813/112633:INFO:CONSOLE(1)] "Uncaught ReferenceError: header_height is not defined", source: http://cdn.wiz.cn/wp-content/themes/satellite/js/default.min.js?ver=ba47ee4fb2e4f8f29defd2cc9b517307 (1)
[0813/112633:INFO:CONSOLE(1)] "Uncaught ReferenceError: header_height is not defined", source: http://cdn.wiz.cn/wp-content/themes/satellite/js/default.min.js?ver=ba47ee4fb2e4f8f29defd2cc9b517307 (1)
[0813/112633:INFO:CONSOLE(1)] "Uncaught ReferenceError: header_height is not defined", source: http://cdn.wiz.cn/wp-content/themes/satellite/js/default.min.js?ver=ba47ee4fb2e4f8f29defd2cc9b517307 (1)
[0813/112633:INFO:CONSOLE(1)] "Uncaught ReferenceError: header_height is not defined", source: http://cdn.wiz.cn/wp-content/themes/satellite/js/default.min.js?ver=ba47ee4fb2e4f8f29defd2cc9b517307 (1)
[0813/112633:INFO:CONSOLE(1)] "Uncaught ReferenceError: header_height is not defined", source: http://cdn.wiz.cn/wp-content/themes/satellite/js/default.min.js?ver=ba47ee4fb2e4f8f29defd2cc9b517307 (1)
[0813/112633:INFO:CONSOLE(1)] "Uncaught ReferenceError: header_height is not defined", source: http://cdn.wiz.cn/wp-content/themes/satellite/js/default.min.js?ver=ba47ee4fb2e4f8f29defd2cc9b517307 (1)
[0813/112633:INFO:CONSOLE(1)] "Uncaught ReferenceError: header_height is not defined", source: http://cdn.wiz.cn/wp-content/themes/satellite/js/default.min.js?ver=ba47ee4fb2e4f8f29defd2cc9b517307 (1)
[0813/112633:INFO:CONSOLE(1)] "Uncaught ReferenceError: header_height is not defined", source: http://cdn.wiz.cn/wp-content/themes/satellite/js/default.min.js?ver=ba47ee4fb2e4f8f29defd2cc9b517307 (1)
[0813/112633:INFO:CONSOLE(1)] "Uncaught ReferenceError: header_height is not defined", source: http://cdn.wiz.cn/wp-content/themes/satellite/js/default.min.js?ver=ba47ee4fb2e4f8f29defd2cc9b517307 (1)
[0813/112633:INFO:CONSOLE(1)] "Uncaught ReferenceError: header_height is not defined", source: http://cdn.wiz.cn/wp-content/themes/satellite/js/default.min.js?ver=ba47ee4fb2e4f8f29defd2cc9b517307 (1)
[0813/112633:INFO:CONSOLE(1)] "Uncaught ReferenceError: header_height is not defined", source: http://cdn.wiz.cn/wp-content/themes/satellite/js/default.min.js?ver=ba47ee4fb2e4f8f29defd2cc9b517307 (1)
[0813/112633:INFO:CONSOLE(1)] "Uncaught ReferenceError: header_height is not defined", source: http://cdn.wiz.cn/wp-content/themes/satellite/js/default.min.js?ver=ba47ee4fb2e4f8f29defd2cc9b517307 (1)
[0813/112633:INFO:CONSOLE(1)] "Uncaught ReferenceError: header_height is not defined", source: http://cdn.wiz.cn/wp-content/themes/satellite/js/default.min.js?ver=ba47ee4fb2e4f8f29defd2cc9b517307 (1)
[0813/112633:INFO:CONSOLE(1)] "Uncaught ReferenceError: header_height is not defined", source: http://cdn.wiz.cn/wp-content/themes/satellite/js/default.min.js?ver=ba47ee4fb2e4f8f29defd2cc9b517307 (1)
[0813/112634:INFO:CONSOLE(1)] "Uncaught ReferenceError: header_height is not defined", source: http://cdn.wiz.cn/wp-content/themes/satellite/js/default.min.js?ver=ba47ee4fb2e4f8f29defd2cc9b517307 (1)
[0813/112634:INFO:CONSOLE(1)] "Uncaught ReferenceError: header_height is not defined", source: http://cdn.wiz.cn/wp-content/themes/satellite/js/default.min.js?ver=ba47ee4fb2e4f8f29defd2cc9b517307 (1)
[0813/112634:INFO:CONSOLE(1)] "Uncaught ReferenceError: header_height is not defined", source: http://cdn.wiz.cn/wp-content/themes/satellite/js/default.min.js?ver=ba47ee4fb2e4f8f29defd2cc9b517307 (1)
[0813/112907:WARNING:raw_channel_win.cc(532)] WriteFile: 管道正在被关闭。 (0xE8)
[0813/112907:WARNING:channel.cc(359)] RawChannel write error
[0813/112907:WARNING:raw_channel_win.cc(532)] WriteFile: 管道正在被关闭。 (0xE8)
[0813/112907:WARNING:channel.cc(359)] RawChannel write error
[0813/112907:WARNING:raw_channel_win.cc(532)] WriteFile: 管道正在被关闭。 (0xE8)
[0813/112907:WARNING:channel.cc(359)] RawChannel write error
[0813/112907:ERROR:ipc_channel_win.cc(217)] pipe error: 109
[0813/112937:ERROR:ipc_channel_win.cc(217)] pipe error: 109
[0813/112937:WARNING:raw_channel_win.cc(532)] WriteFile: 管道正在被关闭。 (0xE8)
[0813/112937:WARNING:channel.cc(359)] RawChannel write error
[0813/112946:WARNING:raw_channel_win.cc(532)] WriteFile: 管道正在被关闭。 (0xE8)
[0813/112946:WARNING:channel.cc(359)] RawChannel write error
[0813/113039:ERROR:ipc_channel_win.cc(217)] pipe error: 109
[0813/113039:WARNING:raw_channel_win.cc(532)] WriteFile: 管道正在被关闭。 (0xE8)
[0813/113039:WARNING:channel.cc(359)] RawChannel write error
[0813/113039:WARNING:raw_channel_win.cc(532)] WriteFile: 管道正在被关闭。 (0xE8)
[0813/113039:WARNING:channel.cc(359)] RawChannel write error
[0813/113039:WARNING:raw_channel_win.cc(532)] WriteFile: 管道正在被关闭。 (0xE8)
[0813/113039:ERROR:ipc_channel_win.cc(217)] pipe error: 109
[0813/113039:WARNING:raw_channel_win.cc(532)] WriteFile: 管道正在被关闭。 (0xE8)
[0813/113039:WARNING:channel.cc(359)] RawChannel write error
[0813/113039:ERROR:ipc_channel_win.cc(217)] pipe error: 109
[0813/113247:INFO:CONSOLE(0)] "The specified value "!" does not conform to the required format.  The format is "#rrggbb" where rr, gg, bb are two-digit hexadecimal numbers.", source: file:///C:/Users/zhuzhenfeng/Documents/My%20Knowledge/Plugins/Tools.World/CalendarView.htm (0)
[0813/113247:INFO:CONSOLE(0)] "The specified value "!" does not conform to the required format.  The format is "#rrggbb" where rr, gg, bb are two-digit hexadecimal numbers.", source: file:///C:/Users/zhuzhenfeng/Documents/My%20Knowledge/Plugins/Tools.World/CalendarView.htm (0)
[0813/113250:ERROR:ipc_channel_win.cc(217)] pipe error: 109
[0813/113250:WARNING:raw_channel_win.cc(532)] WriteFile: 管道正在被关闭。 (0xE8)
[0813/113250:WARNING:channel.cc(359)] RawChannel write error
[0813/113251:WARNING:raw_channel_win.cc(532)] WriteFile: 管道正在被关闭。 (0xE8)
[0813/113251:WARNING:channel.cc(359)] RawChannel write error
[0813/113402:WARNING:raw_channel_win.cc(532)] WriteFile: 管道正在被关闭。 (0xE8)
[0813/113402:WARNING:raw_channel_win.cc(532)] WriteFile: 管道正在被关闭。 (0xE8)
[0813/113402:WARNING:channel.cc(359)] RawChannel write error
